TN:
SF:src\features\auth\authStorage.ts
FN:10,saveAuthSession
FN:18,clearAuthSession
FN:26,getAccessToken
FN:30,getRefreshToken
FN:34,getStoredUser
FN:38,getSessionExpiresAt
FNF:6
FNH:6
FNDA:1,saveAuthSession
FNDA:1,clearAuthSession
FNDA:2,getAccessToken
FNDA:2,getRefreshToken
FNDA:1,getStoredUser
FNDA:1,getSessionExpiresAt
DA:3,1
DA:4,1
DA:5,1
DA:6,1
DA:8,1
DA:10,1
DA:11,1
DA:12,1
DA:13,1
DA:14,1
DA:15,1
DA:16,1
DA:18,1
DA:19,1
DA:20,1
DA:21,1
DA:22,1
DA:23,1
DA:24,1
DA:26,1
DA:27,2
DA:28,2
DA:30,1
DA:31,2
DA:32,2
DA:34,1
DA:35,1
DA:36,1
DA:37,1
DA:38,1
DA:39,1
DA:40,1
DA:41,1
LF:33
LH:33
BRDA:10,0,0,1
BRDA:18,1,0,1
BRDA:26,2,0,2
BRDA:30,3,0,2
BRDA:34,4,0,1
BRDA:36,5,0,0
BRDA:38,6,0,1
BRDA:40,7,0,0
BRF:8
BRH:6
end_of_record
TN:
SF:src\pages\LoginPage.tsx
FN:16,LoginPage
FN:25,handleSubmit
FN:60,onChange
FN:68,onChange
FNF:4
FNH:4
FNDA:64,LoginPage
FNDA:2,handleSubmit
FNDA:34,onChange
FNDA:23,onChange
DA:1,1
DA:2,1
DA:12,1
DA:14,1
DA:16,1
DA:17,64
DA:18,64
DA:19,64
DA:20,64
DA:21,64
DA:22,64
DA:23,64
DA:25,64
DA:26,2
DA:27,2
DA:28,2
DA:29,2
DA:30,2
DA:31,1
DA:32,2
DA:33,1
DA:34,2
DA:35,2
DA:36,1
DA:37,2
DA:38,2
DA:39,2
DA:40,2
DA:42,64
DA:43,64
DA:44,64
DA:45,64
DA:46,64
DA:47,64
DA:49,64
DA:50,64
DA:52,64
DA:53,64
DA:55,64
DA:57,64
DA:58,64
DA:59,64
DA:60,64
DA:61,64
DA:62,64
DA:63,64
DA:64,64
DA:65,64
DA:66,64
DA:67,64
DA:68,64
DA:69,64
DA:70,64
DA:71,64
DA:72,64
DA:73,64
DA:74,64
DA:75,64
DA:76,64
DA:78,64
DA:79,64
DA:80,64
DA:81,64
DA:83,64
LF:64
LH:64
BRDA:16,0,0,64
BRDA:55,1,0,1
BRDA:74,2,0,2
BRDA:74,3,0,62
BRDA:25,4,0,2
BRDA:30,5,0,1
BRDA:32,6,0,0
BRDA:32,7,0,1
BRDA:35,8,0,1
BRDA:60,9,0,34
BRDA:68,10,0,23
BRF:11
BRH:10
end_of_record
